        -:    0:Source:main.c
        -:    0:Programs:3
        -:    1://
        -:    2:// Created by Omer Meushar on 26/11/2022.
        -:    3://
        -:    4:
        -:    5:#include <string.h>
        -:    6:#include <stdlib.h>
        -:    7:#include <stdio.h>
        -:    8:#include "AsciiArtTool.h"
        -:    9:#include "RLEList.h"
        -:   10:
        -:   11:
        -:   12:#define FLAG_NUM 1
        -:   13:#define SRC_NUM 2
        -:   14:#define DEST_NUM 3
        -:   15:#define INVERTED_FLAG "-i"
        -:   16:#define ENCODED_FLAG "-e"
        -:   17:#define READ_ONLY "r"
        -:   18:#define WRITE_ONLY "w"
        -:   19:
      399:   20:int main(int argc, char* argv[])
        -:   21:{
      399:   22:    char* flag = argv[FLAG_NUM];
      399:   23:    char* srcFile = argv[SRC_NUM];
      399:   24:    char* destFile = argv[DEST_NUM];
      399:   25:    FILE *srcOpen = fopen(srcFile, READ_ONLY);
      399:   26:    if (srcOpen==NULL) {
        3:   27:        return 0;
        -:   28:    }
      396:   29:    FILE *destOpen = fopen(destFile, WRITE_ONLY);
      396:   30:    if (destOpen==NULL) {
    #####:   31:        fclose(srcOpen);
    #####:   32:        return 0;
        -:   33:    }
      396:   34:    RLEList list = asciiArtRead(srcOpen);
      396:   35:    if (list==NULL)
        -:   36:    {
    #####:   37:        fclose(srcOpen);
    #####:   38:        fclose(destOpen);
    #####:   39:        return 0;
        -:   40:    }
      396:   41:    if(strcmp(flag,INVERTED_FLAG) == 0) {
      198:   42:        invertRLEList(list);
      198:   43:        asciiArtPrint(list,destOpen);
        -:   44:    }
      198:   45:    else if (strcmp(flag,ENCODED_FLAG) == 0) {
      198:   46:        asciiArtPrintEncoded(list, destOpen);
        -:   47:    }
        -:   48:
      396:   49:    fclose(srcOpen);
      396:   50:    fclose(destOpen);
      396:   51:    return 0;
        -:   52:}
